Build started 16-Jun-16 11:50:47 AM.
     1>Project "C:\Users\Daniel\Documents\GitHub\Methods-Course\IControl\CheckList\CheckList.vcxproj" on node 5 (Build target(s)).
     1>ClCompile:
         C:\Program Files (x86)\Microsoft Visual Studio 14.0\VC\bin\CL.exe /c /Zi /nologo /W3 /WX- /sdl /O2 /Oi /Oy- /GL /D _MBCS /Gm- /EHsc /MD /GS /Gy /fp:precise /Zc:wchar_t /Zc:forScope /Zc:inline /Fo"Release\\" /Fd"Release\vc140.pdb" /Gd /TP /analyze- /errorReport:prompt CheckList.cpp
         CheckList.cpp
     1>CheckList.cpp(51): warning C4018: '<': signed/unsigned mismatch
     1>CheckList.cpp(102): warning C4018: '<=': signed/unsigned mismatch
     1>CheckList.cpp(108): warning C4018: '<=': signed/unsigned mismatch
     1>CheckList.cpp(156): warning C4018: '>=': signed/unsigned mismatch
     1>CheckList.cpp(200): warning C4018: '<': signed/unsigned mismatch
       Link:
         C:\Program Files (x86)\Microsoft Visual Studio 14.0\VC\bin\link.exe /ERRORREPORT:PROMPT /OUT:"C:\Users\Daniel\Documents\GitHub\Methods-Course\IControl\Release\CheckList.exe" /NOLOGO kernel32.lib user32.lib gdi32.lib winspool.lib comdlg32.lib advapi32.lib shell32.lib ole32.lib oleaut32.lib uuid.lib odbc32.lib odbccp32.lib /MANIFEST /MANIFESTUAC:"level='asInvoker' uiAccess='false'" /manifest:embed /Debug /PDB:"C:\Users\Daniel\Documents\GitHub\Methods-Course\IControl\Release\CheckList.pdb" /OPT:REF /OPT:ICF /LTCG:incremental /TLBID:1 /DYNAMICBASE /NXCOMPAT /IMPLIB:"C:\Users\Daniel\Documents\GitHub\Methods-Course\IControl\Release\CheckList.lib" /MACHINE:X86 /SAFESEH Release\CheckList.obj
     1>LINK : fatal error LNK1561: entry point must be defined
     1>Done Building Project "C:\Users\Daniel\Documents\GitHub\Methods-Course\IControl\CheckList\CheckList.vcxproj" (Build target(s)) -- FAILED.

Build FAILED.

Time Elapsed 00:00:01.90
